<?xml version="1.0" encoding="UTF-8"?>
<coverage generated="1680592198113" clover="3.2.0">
  <project timestamp="1680592198113" name="All files">
    <metrics statements="54" coveredstatements="52" conditionals="22" coveredconditionals="22" methods="17" coveredmethods="17" elements="93" coveredelements="91" complexity="0" loc="54" ncloc="54" packages="9" files="12" classes="12"/>
    <package name="src">
      <metrics statements="3" coveredstatements="1" conditionals="0" coveredconditionals="0" methods="1" coveredmethods="1"/>
      <file name="App.tsx" path="D:\zeller-coding-challange\zeller-customers\src\App.tsx">
        <metrics statements="1" coveredstatements="1" conditionals="0" coveredconditionals="0" methods="1" coveredmethods="1"/>
        <line num="10" count="3" type="stmt"/>
      </file>
      <file name="index.tsx" path="D:\zeller-coding-challange\zeller-customers\src\index.tsx">
        <metrics statements="2" coveredstatements="0" conditionals="0" coveredconditionals="0" methods="0" coveredmethods="0"/>
        <line num="9" count="0" type="stmt"/>
        <line num="18" count="0" type="stmt"/>
      </file>
    </package>
    <package name="src.components.CustomerItem">
      <metrics statements="3" coveredstatements="3" conditionals="2" coveredconditionals="2" methods="2" coveredmethods="2"/>
      <file name="CustomerItem.tsx" path="D:\zeller-coding-challange\zeller-customers\src\components\CustomerItem\CustomerItem.tsx">
        <metrics statements="3" coveredstatements="3" conditionals="2" coveredconditionals="2" methods="2" coveredmethods="2"/>
        <line num="6" count="5" type="stmt"/>
        <line num="9" count="13" type="stmt"/>
        <line num="13" count="129" type="stmt"/>
      </file>
    </package>
    <package name="src.components.Customers">
      <metrics statements="11" coveredstatements="11" conditionals="8" coveredconditionals="8" methods="6" coveredmethods="6"/>
      <file name="Customers.tsx" path="D:\zeller-coding-challange\zeller-customers\src\components\Customers\Customers.tsx">
        <metrics statements="11" coveredstatements="11" conditionals="8" coveredconditionals="8" methods="6" coveredmethods="6"/>
        <line num="16" count="3" type="stmt"/>
        <line num="18" count="12" type="stmt"/>
        <line num="19" count="12" type="stmt"/>
        <line num="20" count="12" type="stmt"/>
        <line num="21" count="3" type="stmt"/>
        <line num="23" count="12" type="stmt"/>
        <line num="24" count="3" type="stmt"/>
        <line num="26" count="12" type="stmt"/>
        <line num="41" count="1" type="stmt"/>
        <line num="67" count="2" type="stmt"/>
        <line num="99" count="10" type="stmt"/>
      </file>
    </package>
    <package name="src.components.ListCustomers">
      <metrics statements="16" coveredstatements="16" conditionals="6" coveredconditionals="6" methods="3" coveredmethods="3"/>
      <file name="ListCustomers.tsx" path="D:\zeller-coding-challange\zeller-customers\src\components\ListCustomers\ListCustomers.tsx">
        <metrics statements="16" coveredstatements="16" conditionals="6" coveredconditionals="6" methods="3" coveredmethods="3"/>
        <line num="15" count="4" type="stmt"/>
        <line num="17" count="4" type="stmt"/>
        <line num="18" count="12" type="stmt"/>
        <line num="19" count="12" type="cond" truecount="2" falsecount="0"/>
        <line num="21" count="12" type="stmt"/>
        <line num="22" count="12" type="stmt"/>
        <line num="23" count="10" type="cond" truecount="2" falsecount="0"/>
        <line num="24" count="3" type="stmt"/>
        <line num="26" count="10" type="stmt"/>
        <line num="28" count="12" type="stmt"/>
        <line num="30" count="12" type="stmt"/>
        <line num="31" count="12" type="stmt"/>
        <line num="33" count="12" type="stmt"/>
        <line num="34" count="1" type="stmt"/>
        <line num="35" count="1" type="stmt"/>
        <line num="38" count="12" type="stmt"/>
      </file>
    </package>
    <package name="src.components.Spinner">
      <metrics statements="4" coveredstatements="4" conditionals="4" coveredconditionals="4" methods="1" coveredmethods="1"/>
      <file name="Spinner.tsx" path="D:\zeller-coding-challange\zeller-customers\src\components\Spinner\Spinner.tsx">
        <metrics statements="4" coveredstatements="4" conditionals="4" coveredconditionals="4" methods="1" coveredmethods="1"/>
        <line num="5" count="4" type="stmt"/>
        <line num="8" count="15" type="cond" truecount="2" falsecount="0"/>
        <line num="9" count="7" type="stmt"/>
        <line num="11" count="8" type="stmt"/>
      </file>
    </package>
    <package name="src.config">
      <metrics statements="6" coveredstatements="6" conditionals="0" coveredconditionals="0" methods="0" coveredmethods="0"/>
      <file name="apollo-client.ts" path="D:\zeller-coding-challange\zeller-customers\src\config\apollo-client.ts">
        <metrics statements="5" coveredstatements="5" conditionals="0" coveredconditionals="0" methods="0" coveredmethods="0"/>
        <line num="11" count="3" type="stmt"/>
        <line num="12" count="3" type="stmt"/>
        <line num="13" count="3" type="stmt"/>
        <line num="17" count="3" type="stmt"/>
        <line num="21" count="3" type="stmt"/>
      </file>
      <file name="aws-credentials.ts" path="D:\zeller-coding-challange\zeller-customers\src\config\aws-credentials.ts">
        <metrics statements="1" coveredstatements="1" conditionals="0" coveredconditionals="0" methods="0" coveredmethods="0"/>
        <line num="1" count="4" type="stmt"/>
      </file>
    </package>
    <package name="src.enums">
      <metrics statements="0" coveredstatements="0" conditionals="0" coveredconditionals="0" methods="0" coveredmethods="0"/>
      <file name="enums.ts" path="D:\zeller-coding-challange\zeller-customers\src\enums\enums.ts">
        <metrics statements="0" coveredstatements="0" conditionals="0" coveredconditionals="0" methods="0" coveredmethods="0"/>
      </file>
    </package>
    <package name="src.queries">
      <metrics statements="1" coveredstatements="1" conditionals="0" coveredconditionals="0" methods="0" coveredmethods="0"/>
      <file name="queries.ts" path="D:\zeller-coding-challange\zeller-customers\src\queries\queries.ts">
        <metrics statements="1" coveredstatements="1" conditionals="0" coveredconditionals="0" methods="0" coveredmethods="0"/>
        <line num="5" count="3" type="stmt"/>
      </file>
      <file name="response-model.ts" path="D:\zeller-coding-challange\zeller-customers\src\queries\response-model.ts">
        <metrics statements="0" coveredstatements="0" conditionals="0" coveredconditionals="0" methods="0" coveredmethods="0"/>
      </file>
    </package>
    <package name="src.utils">
      <metrics statements="10" coveredstatements="10" conditionals="2" coveredconditionals="2" methods="4" coveredmethods="4"/>
      <file name="utils.ts" path="D:\zeller-coding-challange\zeller-customers\src\utils\utils.ts">
        <metrics statements="10" coveredstatements="10" conditionals="2" coveredconditionals="2" methods="4" coveredmethods="4"/>
        <line num="3" count="6" type="stmt"/>
        <line num="4" count="166" type="cond" truecount="2" falsecount="0"/>
        <line num="5" count="165" type="stmt"/>
        <line num="8" count="6" type="stmt"/>
        <line num="9" count="174" type="stmt"/>
        <line num="12" count="6" type="stmt"/>
        <line num="16" count="3" type="stmt"/>
        <line num="17" count="3" type="stmt"/>
        <line num="18" count="6" type="stmt"/>
        <line num="20" count="8" type="stmt"/>
      </file>
    </package>
  </project>
</coverage>
