{"D:\\zeller-coding-challange\\zeller-customers\\src\\App.tsx": {"path":"D:\\zeller-coding-challange\\zeller-customers\\src\\App.tsx","statementMap":{"0":{"start":{"line":10,"column":2},"end":{"line":16,"column":4}}},"fnMap":{"0":{"name":"App","decl":{"start":{"line":9,"column":9},"end":{"line":9,"column":12}},"loc":{"start":{"line":9,"column":15},"end":{"line":17,"column":1}},"line":9}},"branchMap":{},"s":{"0":3},"f":{"0":3},"b":{},"_coverageSchema":"1a1c01bbd47fc00a2c39e90264f33305004495a9","hash":"df43de6e5caf9a539ac3a3dcf16bda719466f7c9"}
,"D:\\zeller-coding-challange\\zeller-customers\\src\\index.tsx": {"path":"D:\\zeller-coding-challange\\zeller-customers\\src\\index.tsx","statementMap":{"0":{"start":{"line":9,"column":0},"end":{"line":13,"column":2}},"1":{"start":{"line":18,"column":0},"end":{"line":18,"column":29}}},"fnMap":{},"branchMap":{},"s":{"0":0,"1":0},"f":{},"b":{}}
,"D:\\zeller-coding-challange\\zeller-customers\\src\\components\\CustomerItem\\CustomerItem.tsx": {"path":"D:\\zeller-coding-challange\\zeller-customers\\src\\components\\CustomerItem\\CustomerItem.tsx","statementMap":{"0":{"start":{"line":6,"column":67},"end":{"line":33,"column":1}},"1":{"start":{"line":9,"column":2},"end":{"line":32,"column":4}},"2":{"start":{"line":13,"column":10},"end":{"line":29,"column":16}}},"fnMap":{"0":{"name":"(anonymous_0)","decl":{"start":{"line":6,"column":67},"end":{"line":6,"column":68}},"loc":{"start":{"line":8,"column":6},"end":{"line":33,"column":1}},"line":8},"1":{"name":"(anonymous_1)","decl":{"start":{"line":12,"column":25},"end":{"line":12,"column":26}},"loc":{"start":{"line":13,"column":10},"end":{"line":29,"column":16}},"line":13}},"branchMap":{"0":{"loc":{"start":{"line":11,"column":7},"end":{"line":30,"column":10}},"type":"binary-expr","locations":[{"start":{"line":11,"column":7},"end":{"line":11,"column":19}},{"start":{"line":12,"column":8},"end":{"line":30,"column":10}}],"line":11}},"s":{"0":5,"1":13,"2":129},"f":{"0":13,"1":129},"b":{"0":[13,13]},"_coverageSchema":"1a1c01bbd47fc00a2c39e90264f33305004495a9","hash":"14f81182e76758f5b786a84766b4bdba217a05e4"}
,"D:\\zeller-coding-challange\\zeller-customers\\src\\components\\Customers\\Customers.tsx": {"path":"D:\\zeller-coding-challange\\zeller-customers\\src\\components\\Customers\\Customers.tsx","statementMap":{"0":{"start":{"line":16,"column":28},"end":{"line":108,"column":1}},"1":{"start":{"line":18,"column":4},"end":{"line":18,"column":62}},"2":{"start":{"line":19,"column":50},"end":{"line":19,"column":78}},"3":{"start":{"line":20,"column":29},"end":{"line":22,"column":3}},"4":{"start":{"line":21,"column":4},"end":{"line":21,"column":36}},"5":{"start":{"line":23,"column":22},"end":{"line":25,"column":3}},"6":{"start":{"line":24,"column":4},"end":{"line":24,"column":28}},"7":{"start":{"line":26,"column":2},"end":{"line":107,"column":4}},"8":{"start":{"line":41,"column":31},"end":{"line":41,"column":62}},"9":{"start":{"line":67,"column":31},"end":{"line":67,"column":64}},"10":{"start":{"line":99,"column":28},"end":{"line":99,"column":62}}},"fnMap":{"0":{"name":"(anonymous_0)","decl":{"start":{"line":16,"column":28},"end":{"line":16,"column":29}},"loc":{"start":{"line":16,"column":34},"end":{"line":108,"column":1}},"line":16},"1":{"name":"(anonymous_1)","decl":{"start":{"line":20,"column":29},"end":{"line":20,"column":30}},"loc":{"start":{"line":20,"column":41},"end":{"line":22,"column":3}},"line":20},"2":{"name":"(anonymous_2)","decl":{"start":{"line":23,"column":22},"end":{"line":23,"column":23}},"loc":{"start":{"line":23,"column":48},"end":{"line":25,"column":3}},"line":23},"3":{"name":"(anonymous_3)","decl":{"start":{"line":41,"column":25},"end":{"line":41,"column":26}},"loc":{"start":{"line":41,"column":31},"end":{"line":41,"column":62}},"line":41},"4":{"name":"(anonymous_4)","decl":{"start":{"line":67,"column":25},"end":{"line":67,"column":26}},"loc":{"start":{"line":67,"column":31},"end":{"line":67,"column":64}},"line":67},"5":{"name":"(anonymous_5)","decl":{"start":{"line":99,"column":18},"end":{"line":99,"column":19}},"loc":{"start":{"line":99,"column":28},"end":{"line":99,"column":62}},"line":99}},"branchMap":{"0":{"loc":{"start":{"line":32,"column":7},"end":{"line":32,"column":49}},"type":"binary-expr","locations":[{"start":{"line":32,"column":7},"end":{"line":32,"column":12}},{"start":{"line":32,"column":16},"end":{"line":32,"column":49}}],"line":32},"1":{"loc":{"start":{"line":33,"column":7},"end":{"line":105,"column":7}},"type":"binary-expr","locations":[{"start":{"line":33,"column":7},"end":{"line":33,"column":15}},{"start":{"line":34,"column":8},"end":{"line":104,"column":14}}],"line":33},"2":{"loc":{"start":{"line":43,"column":18},"end":{"line":45,"column":24}},"type":"cond-expr","locations":[{"start":{"line":44,"column":22},"end":{"line":44,"column":37}},{"start":{"line":45,"column":22},"end":{"line":45,"column":24}}],"line":43},"3":{"loc":{"start":{"line":69,"column":18},"end":{"line":71,"column":24}},"type":"cond-expr","locations":[{"start":{"line":70,"column":22},"end":{"line":70,"column":37}},{"start":{"line":71,"column":22},"end":{"line":71,"column":24}}],"line":69}},"s":{"0":3,"1":12,"2":12,"3":12,"4":3,"5":12,"6":3,"7":12,"8":1,"9":2,"10":10},"f":{"0":12,"1":3,"2":3,"3":1,"4":2,"5":10},"b":{"0":[12,1],"1":[12,6],"2":[4,2],"3":[2,4]},"_coverageSchema":"1a1c01bbd47fc00a2c39e90264f33305004495a9","hash":"5aef3e0c30a8f894a21a191cf5b05112b5cf0ee5"}
,"D:\\zeller-coding-challange\\zeller-customers\\src\\components\\ListCustomers\\ListCustomers.tsx": {"path":"D:\\zeller-coding-challange\\zeller-customers\\src\\components\\ListCustomers\\ListCustomers.tsx","statementMap":{"0":{"start":{"line":15,"column":18},"end":{"line":15,"column":20}},"1":{"start":{"line":17,"column":53},"end":{"line":71,"column":1}},"2":{"start":{"line":18,"column":24},"end":{"line":18,"column":43}},"3":{"start":{"line":19,"column":23},"end":{"line":19,"column":39}},"4":{"start":{"line":21,"column":37},"end":{"line":21,"column":48}},"5":{"start":{"line":22,"column":2},"end":{"line":27,"column":20}},"6":{"start":{"line":23,"column":4},"end":{"line":25,"column":5}},"7":{"start":{"line":24,"column":6},"end":{"line":24,"column":19}},"8":{"start":{"line":26,"column":4},"end":{"line":26,"column":40}},"9":{"start":{"line":28,"column":20},"end":{"line":28,"column":45}},"10":{"start":{"line":30,"column":30},"end":{"line":30,"column":74}},"11":{"start":{"line":31,"column":20},"end":{"line":31,"column":62}},"12":{"start":{"line":33,"column":26},"end":{"line":36,"column":3}},"13":{"start":{"line":34,"column":22},"end":{"line":34,"column":72}},"14":{"start":{"line":35,"column":4},"end":{"line":35,"column":25}},"15":{"start":{"line":38,"column":2},"end":{"line":70,"column":4}}},"fnMap":{"0":{"name":"(anonymous_0)","decl":{"start":{"line":17,"column":53},"end":{"line":17,"column":54}},"loc":{"start":{"line":17,"column":64},"end":{"line":71,"column":1}},"line":17},"1":{"name":"(anonymous_1)","decl":{"start":{"line":22,"column":12},"end":{"line":22,"column":13}},"loc":{"start":{"line":22,"column":18},"end":{"line":27,"column":3}},"line":22},"2":{"name":"(anonymous_2)","decl":{"start":{"line":33,"column":26},"end":{"line":33,"column":27}},"loc":{"start":{"line":33,"column":42},"end":{"line":36,"column":3}},"line":33}},"branchMap":{"0":{"loc":{"start":{"line":19,"column":23},"end":{"line":19,"column":39}},"type":"binary-expr","locations":[{"start":{"line":19,"column":23},"end":{"line":19,"column":33}},{"start":{"line":19,"column":37},"end":{"line":19,"column":39}}],"line":19},"1":{"loc":{"start":{"line":23,"column":4},"end":{"line":25,"column":5}},"type":"if","locations":[{"start":{"line":23,"column":4},"end":{"line":25,"column":5}},{"start":{},"end":{}}],"line":23},"2":{"loc":{"start":{"line":46,"column":7},"end":{"line":68,"column":7}},"type":"binary-expr","locations":[{"start":{"line":46,"column":7},"end":{"line":46,"column":38}},{"start":{"line":47,"column":8},"end":{"line":67,"column":14}}],"line":46}},"s":{"0":4,"1":4,"2":12,"3":12,"4":12,"5":12,"6":10,"7":3,"8":10,"9":12,"10":12,"11":12,"12":12,"13":1,"14":1,"15":12},"f":{"0":12,"1":10,"2":1},"b":{"0":[12,1],"1":[3,7],"2":[12,2]},"_coverageSchema":"1a1c01bbd47fc00a2c39e90264f33305004495a9","hash":"59435885aa1810097be0edcaf4e32cb4eccf9d1b"}
,"D:\\zeller-coding-challange\\zeller-customers\\src\\components\\Spinner\\Spinner.tsx": {"path":"D:\\zeller-coding-challange\\zeller-customers\\src\\components\\Spinner\\Spinner.tsx","statementMap":{"0":{"start":{"line":5,"column":75},"end":{"line":19,"column":1}},"1":{"start":{"line":8,"column":2},"end":{"line":10,"column":3}},"2":{"start":{"line":9,"column":4},"end":{"line":9,"column":16}},"3":{"start":{"line":11,"column":2},"end":{"line":18,"column":4}}},"fnMap":{"0":{"name":"(anonymous_0)","decl":{"start":{"line":5,"column":75},"end":{"line":5,"column":76}},"loc":{"start":{"line":7,"column":5},"end":{"line":19,"column":1}},"line":7}},"branchMap":{"0":{"loc":{"start":{"line":8,"column":2},"end":{"line":10,"column":3}},"type":"if","locations":[{"start":{"line":8,"column":2},"end":{"line":10,"column":3}},{"start":{},"end":{}}],"line":8},"1":{"loc":{"start":{"line":15,"column":9},"end":{"line":15,"column":49}},"type":"binary-expr","locations":[{"start":{"line":15,"column":9},"end":{"line":15,"column":29}},{"start":{"line":15,"column":33},"end":{"line":15,"column":49}}],"line":15}},"s":{"0":4,"1":15,"2":7,"3":8},"f":{"0":15},"b":{"0":[7,8],"1":[8,1]},"_coverageSchema":"1a1c01bbd47fc00a2c39e90264f33305004495a9","hash":"69f1a3f4c89a44e52c054ab05d7dd5b633173cb1"}
,"D:\\zeller-coding-challange\\zeller-customers\\src\\config\\apollo-client.ts": {"path":"D:\\zeller-coding-challange\\zeller-customers\\src\\config\\apollo-client.ts","statementMap":{"0":{"start":{"line":11,"column":12},"end":{"line":11,"column":49}},"1":{"start":{"line":12,"column":15},"end":{"line":12,"column":43}},"2":{"start":{"line":13,"column":26},"end":{"line":16,"column":1}},"3":{"start":{"line":17,"column":13},"end":{"line":20,"column":2}},"4":{"start":{"line":21,"column":21},"end":{"line":24,"column":2}}},"fnMap":{},"branchMap":{},"s":{"0":3,"1":3,"2":3,"3":3,"4":3},"f":{},"b":{},"_coverageSchema":"1a1c01bbd47fc00a2c39e90264f33305004495a9","hash":"33820a8e9a8fac0b1e99f75d0400a5d552e64a9a"}
,"D:\\zeller-coding-challange\\zeller-customers\\src\\config\\aws-credentials.ts": {"path":"D:\\zeller-coding-challange\\zeller-customers\\src\\config\\aws-credentials.ts","statementMap":{"0":{"start":{"line":1,"column":18},"end":{"line":7,"column":1}}},"fnMap":{},"branchMap":{},"s":{"0":4},"f":{},"b":{},"_coverageSchema":"1a1c01bbd47fc00a2c39e90264f33305004495a9","hash":"77c46a06c06e2afa0900afda3fdcb83bb1837210"}
,"D:\\zeller-coding-challange\\zeller-customers\\src\\enums\\enums.ts": {"path":"D:\\zeller-coding-challange\\zeller-customers\\src\\enums\\enums.ts","statementMap":{},"fnMap":{},"branchMap":{},"s":{},"f":{},"b":{},"_coverageSchema":"1a1c01bbd47fc00a2c39e90264f33305004495a9","hash":"04ee43ead76e6bac6636b46fcccadeefd42114b6"}
,"D:\\zeller-coding-challange\\zeller-customers\\src\\queries\\queries.ts": {"path":"D:\\zeller-coding-challange\\zeller-customers\\src\\queries\\queries.ts","statementMap":{"0":{"start":{"line":5,"column":48},"end":{"line":16,"column":1}}},"fnMap":{},"branchMap":{},"s":{"0":3},"f":{},"b":{},"_coverageSchema":"1a1c01bbd47fc00a2c39e90264f33305004495a9","hash":"f623be56beb03b72d505d63687ef10adb39a4e12"}
,"D:\\zeller-coding-challange\\zeller-customers\\src\\queries\\response-model.ts": {"path":"D:\\zeller-coding-challange\\zeller-customers\\src\\queries\\response-model.ts","statementMap":{},"fnMap":{},"branchMap":{},"s":{},"f":{},"b":{}}
,"D:\\zeller-coding-challange\\zeller-customers\\src\\utils\\utils.ts": {"path":"D:\\zeller-coding-challange\\zeller-customers\\src\\utils\\utils.ts","statementMap":{"0":{"start":{"line":3,"column":27},"end":{"line":6,"column":1}},"1":{"start":{"line":4,"column":2},"end":{"line":4,"column":28}},"2":{"start":{"line":4,"column":18},"end":{"line":4,"column":28}},"3":{"start":{"line":5,"column":2},"end":{"line":5,"column":59}},"4":{"start":{"line":8,"column":19},"end":{"line":10,"column":1}},"5":{"start":{"line":9,"column":2},"end":{"line":9,"column":24}},"6":{"start":{"line":12,"column":25},"end":{"line":24,"column":1}},"7":{"start":{"line":16,"column":17},"end":{"line":16,"column":19}},"8":{"start":{"line":17,"column":2},"end":{"line":19,"column":3}},"9":{"start":{"line":17,"column":15},"end":{"line":17,"column":16}},"10":{"start":{"line":18,"column":4},"end":{"line":18,"column":26}},"11":{"start":{"line":20,"column":2},"end":{"line":23,"column":6}},"12":{"start":{"line":20,"column":37},"end":{"line":23,"column":3}}},"fnMap":{"0":{"name":"(anonymous_0)","decl":{"start":{"line":3,"column":27},"end":{"line":3,"column":28}},"loc":{"start":{"line":3,"column":44},"end":{"line":6,"column":1}},"line":3},"1":{"name":"(anonymous_1)","decl":{"start":{"line":8,"column":19},"end":{"line":8,"column":20}},"loc":{"start":{"line":8,"column":37},"end":{"line":10,"column":1}},"line":8},"2":{"name":"(anonymous_2)","decl":{"start":{"line":12,"column":25},"end":{"line":12,"column":26}},"loc":{"start":{"line":15,"column":23},"end":{"line":24,"column":1}},"line":15},"3":{"name":"(anonymous_3)","decl":{"start":{"line":20,"column":20},"end":{"line":20,"column":21}},"loc":{"start":{"line":20,"column":37},"end":{"line":23,"column":3}},"line":20}},"branchMap":{"0":{"loc":{"start":{"line":4,"column":2},"end":{"line":4,"column":28}},"type":"if","locations":[{"start":{"line":4,"column":2},"end":{"line":4,"column":28}},{"start":{},"end":{}}],"line":4}},"s":{"0":6,"1":166,"2":1,"3":165,"4":6,"5":174,"6":6,"7":3,"8":3,"9":3,"10":6,"11":3,"12":8},"f":{"0":166,"1":174,"2":3,"3":8},"b":{"0":[1,165]},"_coverageSchema":"1a1c01bbd47fc00a2c39e90264f33305004495a9","hash":"63b4775cc1b298fcbe397da67b050b80160bcbb9"}
}
