TN:
SF:src\App.tsx
FN:9,App
FNF:1
FNH:1
FNDA:3,App
DA:10,3
LF:1
LH:1
BRF:0
BRH:0
end_of_record
TN:
SF:src\index.tsx
FNF:0
FNH:0
DA:9,0
DA:18,0
LF:2
LH:0
BRF:0
BRH:0
end_of_record
TN:
SF:src\components\CustomerItem\CustomerItem.tsx
FN:6,(anonymous_0)
FN:12,(anonymous_1)
FNF:2
FNH:2
FNDA:13,(anonymous_0)
FNDA:129,(anonymous_1)
DA:6,5
DA:9,13
DA:13,129
LF:3
LH:3
BRDA:11,0,0,13
BRDA:11,0,1,13
BRF:2
BRH:2
end_of_record
TN:
SF:src\components\Customers\Customers.tsx
FN:16,(anonymous_0)
FN:20,(anonymous_1)
FN:23,(anonymous_2)
FN:41,(anonymous_3)
FN:67,(anonymous_4)
FN:99,(anonymous_5)
FNF:6
FNH:6
FNDA:12,(anonymous_0)
FNDA:3,(anonymous_1)
FNDA:3,(anonymous_2)
FNDA:1,(anonymous_3)
FNDA:2,(anonymous_4)
FNDA:10,(anonymous_5)
DA:16,3
DA:18,12
DA:19,12
DA:20,12
DA:21,3
DA:23,12
DA:24,3
DA:26,12
DA:41,1
DA:67,2
DA:99,10
LF:11
LH:11
BRDA:32,0,0,12
BRDA:32,0,1,1
BRDA:33,1,0,12
BRDA:33,1,1,6
BRDA:43,2,0,4
BRDA:43,2,1,2
BRDA:69,3,0,2
BRDA:69,3,1,4
BRF:8
BRH:8
end_of_record
TN:
SF:src\components\ListCustomers\ListCustomers.tsx
FN:17,(anonymous_0)
FN:22,(anonymous_1)
FN:33,(anonymous_2)
FNF:3
FNH:3
FNDA:12,(anonymous_0)
FNDA:10,(anonymous_1)
FNDA:1,(anonymous_2)
DA:15,4
DA:17,4
DA:18,12
DA:19,12
DA:21,12
DA:22,12
DA:23,10
DA:24,3
DA:26,10
DA:28,12
DA:30,12
DA:31,12
DA:33,12
DA:34,1
DA:35,1
DA:38,12
LF:16
LH:16
BRDA:19,0,0,12
BRDA:19,0,1,1
BRDA:23,1,0,3
BRDA:23,1,1,7
BRDA:46,2,0,12
BRDA:46,2,1,2
BRF:6
BRH:6
end_of_record
TN:
SF:src\components\Spinner\Spinner.tsx
FN:5,(anonymous_0)
FNF:1
FNH:1
FNDA:15,(anonymous_0)
DA:5,4
DA:8,15
DA:9,7
DA:11,8
LF:4
LH:4
BRDA:8,0,0,7
BRDA:8,0,1,8
BRDA:15,1,0,8
BRDA:15,1,1,1
BRF:4
BRH:4
end_of_record
TN:
SF:src\config\apollo-client.ts
FNF:0
FNH:0
DA:11,3
DA:12,3
DA:13,3
DA:17,3
DA:21,3
LF:5
LH:5
BRF:0
BRH:0
end_of_record
TN:
SF:src\config\aws-credentials.ts
FNF:0
FNH:0
DA:1,4
LF:1
LH:1
BRF:0
BRH:0
end_of_record
TN:
SF:src\enums\enums.ts
FNF:0
FNH:0
LF:0
LH:0
BRF:0
BRH:0
end_of_record
TN:
SF:src\queries\queries.ts
FNF:0
FNH:0
DA:5,3
LF:1
LH:1
BRF:0
BRH:0
end_of_record
TN:
SF:src\queries\response-model.ts
FNF:0
FNH:0
LF:0
LH:0
BRF:0
BRH:0
end_of_record
TN:
SF:src\utils\utils.ts
FN:3,(anonymous_0)
FN:8,(anonymous_1)
FN:12,(anonymous_2)
FN:20,(anonymous_3)
FNF:4
FNH:4
FNDA:166,(anonymous_0)
FNDA:174,(anonymous_1)
FNDA:3,(anonymous_2)
FNDA:8,(anonymous_3)
DA:3,6
DA:4,166
DA:5,165
DA:8,6
DA:9,174
DA:12,6
DA:16,3
DA:17,3
DA:18,6
DA:20,8
LF:10
LH:10
BRDA:4,0,0,1
BRDA:4,0,1,165
BRF:2
BRH:2
end_of_record
